Witing a job... 

Notice: Undefined property: VisoftMailerModule\Entity\StatusContactEnter::$mailingLists in /var/www/html/tinycrm/vendor/vadimizmalkov/visoft-mailer-module/src/VisoftMailerModule/Entity/StatusContactEnter.php on line 62

Call Stack:
    0.0002     221376   1. {main}() /var/www/html/tinycrm/public/index.php:0
    0.2164   12457048   2. Zend\Mvc\Application->run() /var/www/html/tinycrm/public/index.php:21
    0.2371   13769976   3. Zend\EventManager\EventManager->trigger() /var/www/html/tinycrm/vendor/zendframework/zend-mvc/src/Application.php:314
    0.2371   13769976   4. Zend\EventManager\EventManager->triggerListeners() /var/www/html/tinycrm/vendor/zendframework/zend-eventmanager/src/EventManager.php:214
    0.2373   13771736   5. call_user_func:{/var/www/html/tinycrm/vendor/zendframework/zend-eventmanager/src/EventManager.php:490}() /var/www/html/tinycrm/vendor/zendframework/zend-eventmanager/src/EventManager.php:490
    0.2373   13772304   6. Zend\Mvc\DispatchListener->onDispatch() /var/www/html/tinycrm/vendor/zendframework/zend-eventmanager/src/EventManager.php:490
    0.2432   14134968   7. Zend\Mvc\Controller\AbstractController->dispatch() /var/www/html/tinycrm/vendor/zendframework/zend-mvc/src/DispatchListener.php:93
    0.2432   14135480   8. Zend\EventManager\EventManager->trigger() /var/www/html/tinycrm/vendor/zendframework/zend-mvc/src/Controller/AbstractController.php:118
    0.2433   14135480   9. Zend\EventManager\EventManager->triggerListeners() /var/www/html/tinycrm/vendor/zendframework/zend-eventmanager/src/EventManager.php:214
    0.2435   14147800  10. call_user_func:{/var/www/html/tinycrm/vendor/zendframework/zend-eventmanager/src/EventManager.php:490}() /var/www/html/tinycrm/vendor/zendframework/zend-eventmanager/src/EventManager.php:490
    0.2435   14147928  11. Zend\Mvc\Controller\AbstractActionController->onDispatch() /var/www/html/tinycrm/vendor/zendframework/zend-eventmanager/src/EventManager.php:490
    0.2436   14148192  12. VisoftMailerModule\Controller\ContactController->contactsEnterAction() /var/www/html/tinycrm/vendor/zendframework/zend-mvc/src/Controller/AbstractActionController.php:82
    0.4229   17584880  13. VisoftBaseModule\Service\ProcessingService->run() /var/www/html/tinycrm/vendor/vadimizmalkov/visoft-mailer-module/src/VisoftMailerModule/Controller/ContactController.php:45
    0.4230   17584976  14. GearmanWorker->work() /var/www/html/tinycrm/vendor/vadimizmalkov/visoft-base-module/src/VisoftBaseModule/Service/ProcessingService.php:56
    0.4232   17585272  15. VisoftMailerModule\Controller\ContactController->VisoftMailerModule\Controller\{closure}() /var/www/html/tinycrm/vendor/vadimizmalkov/visoft-base-module/src/VisoftBaseModule/Service/ProcessingService.php:56
    0.6777   17718104  16. VisoftMailerModule\Service\ContactService->persist() /var/www/html/tinycrm/vendor/vadimizmalkov/visoft-mailer-module/src/VisoftMailerModule/Controller/ContactController.php:41
    0.6784   17737352  17. VisoftMailerModule\Entity\StatusContactEnter->getMailingLists() /var/www/html/tinycrm/vendor/vadimizmalkov/visoft-mailer-module/src/VisoftMailerModule/Service/ContactService.php:88


Fatal error: Call to undefined method VisoftMailerModule\Entity\StatusContactEnter::setNumContactsProcessed() in /var/www/html/tinycrm/vendor/vadimizmalkov/visoft-mailer-module/src/VisoftMailerModule/Service/ContactService.php on line 138

Call Stack:
    0.0002     221376   1. {main}() /var/www/html/tinycrm/public/index.php:0
    0.2164   12457048   2. Zend\Mvc\Application->run() /var/www/html/tinycrm/public/index.php:21
    0.2371   13769976   3. Zend\EventManager\EventManager->trigger() /var/www/html/tinycrm/vendor/zendframework/zend-mvc/src/Application.php:314
    0.2371   13769976   4. Zend\EventManager\EventManager->triggerListeners() /var/www/html/tinycrm/vendor/zendframework/zend-eventmanager/src/EventManager.php:214
    0.2373   13771736   5. call_user_func:{/var/www/html/tinycrm/vendor/zendframework/zend-eventmanager/src/EventManager.php:490}() /var/www/html/tinycrm/vendor/zendframework/zend-eventmanager/src/EventManager.php:490
    0.2373   13772304   6. Zend\Mvc\DispatchListener->onDispatch() /var/www/html/tinycrm/vendor/zendframework/zend-eventmanager/src/EventManager.php:490
    0.2432   14134968   7. Zend\Mvc\Controller\AbstractController->dispatch() /var/www/html/tinycrm/vendor/zendframework/zend-mvc/src/DispatchListener.php:93
    0.2432   14135480   8. Zend\EventManager\EventManager->trigger() /var/www/html/tinycrm/vendor/zendframework/zend-mvc/src/Controller/AbstractController.php:118
    0.2433   14135480   9. Zend\EventManager\EventManager->triggerListeners() /var/www/html/tinycrm/vendor/zendframework/zend-eventmanager/src/EventManager.php:214
    0.2435   14147800  10. call_user_func:{/var/www/html/tinycrm/vendor/zendframework/zend-eventmanager/src/EventManager.php:490}() /var/www/html/tinycrm/vendor/zendframework/zend-eventmanager/src/EventManager.php:490
    0.2435   14147928  11. Zend\Mvc\Controller\AbstractActionController->onDispatch() /var/www/html/tinycrm/vendor/zendframework/zend-eventmanager/src/EventManager.php:490
    0.2436   14148192  12. VisoftMailerModule\Controller\ContactController->contactsEnterAction() /var/www/html/tinycrm/vendor/zendframework/zend-mvc/src/Controller/AbstractActionController.php:82
    0.4229   17584880  13. VisoftBaseModule\Service\ProcessingService->run() /var/www/html/tinycrm/vendor/vadimizmalkov/visoft-mailer-module/src/VisoftMailerModule/Controller/ContactController.php:45
    0.4230   17584976  14. GearmanWorker->work() /var/www/html/tinycrm/vendor/vadimizmalkov/visoft-base-module/src/VisoftBaseModule/Service/ProcessingService.php:56
    0.4232   17585272  15. VisoftMailerModule\Controller\ContactController->VisoftMailerModule\Controller\{closure}() /var/www/html/tinycrm/vendor/vadimizmalkov/visoft-base-module/src/VisoftBaseModule/Service/ProcessingService.php:56
    0.6777   17718104  16. VisoftMailerModule\Service\ContactService->persist() /var/www/html/tinycrm/vendor/vadimizmalkov/visoft-mailer-module/src/VisoftMailerModule/Controller/ContactController.php:41

